# JRE version: Java(TM) SE Runtime Environment (8.0_73-b02) (build 1.8.0_73-b02)
# Java VM: Java HotSpot(TM) 64-Bit Server VM (25.73-b02 mixed mode linux-amd64 compressed oops)
Heap:
 PSYoungGen      total 200704K, used 384K [0x00000000ec000000, 0x00000000f8880000, 0x0000000100000000)
  eden space 196096K, 0% used [0x00000000ec000000,0x00000000ec000000,0x00000000f7f80000)
  from space 4608K, 8% used [0x00000000f7f80000,0x00000000f7fe0270,0x00000000f8400000)
  to   space 4608K, 0% used [0x00000000f8400000,0x00000000f8400000,0x00000000f8880000)
 ParOldGen       total 40960K, used 3488K [0x00000000c4000000, 0x00000000c6800000, 0x00000000ec000000)
  object space 40960K, 8% used [0x00000000c4000000,0x00000000c43683a0,0x00000000c6800000)
 Metaspace       used 11225K, capacity 11402K, committed 11648K, reserved 1058816K
  class space    used 1282K, capacity 1343K, committed 1408K, reserved 1048576K
GC Heap History (10 events):
Event: 81,404 GC heap after
Heap after GC invocations=6 (full 0):
 PSYoungGen      total 65536K, used 2480K [0x00000000ec000000, 0x00000000f0400000, 0x0000000100000000)
  eden space 61440K, 0% used [0x00000000ec000000,0x00000000ec000000,0x00000000efc00000)
  from space 4096K, 60% used [0x00000000f0000000,0x00000000f026c300,0x00000000f0400000)
  to   space 4096K, 0% used [0x00000000efc00000,0x00000000efc00000,0x00000000f0000000)
 ParOldGen       total 40960K, used 1445K [0x00000000c4000000, 0x00000000c6800000, 0x00000000ec000000)
  object space 40960K, 3% used [0x00000000c4000000,0x00000000c4169608,0x00000000c6800000)
 Metaspace       used 11119K, capacity 11338K, committed 11648K, reserved 1058816K
  class space    used 1282K, capacity 1343K, committed 1408K, reserved 1048576K
}
Event: 81,739 GC heap before
{Heap before GC invocations=7 (full 0):
 PSYoungGen      total 65536K, used 63920K [0x00000000ec000000, 0x00000000f0400000, 0x0000000100000000)
  eden space 61440K, 100% used [0x00000000ec000000,0x00000000efc00000,0x00000000efc00000)
  from space 4096K, 60% used [0x00000000f0000000,0x00000000f026c300,0x00000000f0400000)
  to   space 4096K, 0% used [0x00000000efc00000,0x00000000efc00000,0x00000000f0000000)
 ParOldGen       total 40960K, used 1445K [0x00000000c4000000, 0x00000000c6800000, 0x00000000ec000000)
  object space 40960K, 3% used [0x00000000c4000000,0x00000000c4169608,0x00000000c6800000)
 Metaspace       used 11156K, capacity 11338K, committed 11648K, reserved 1058816K
  class space    used 1282K, capacity 1343K, committed 1408K, reserved 1048576K
Event: 81,746 GC heap after
Heap after GC invocations=7 (full 0):
 PSYoungGen      total 65536K, used 674K [0x00000000ec000000, 0x00000000f4000000, 0x0000000100000000)
  eden space 61440K, 0% used [0x00000000ec000000,0x00000000ec000000,0x00000000efc00000)
  from space 4096K, 16% used [0x00000000efc00000,0x00000000efca8948,0x00000000f0000000)
  to   space 4096K, 0% used [0x00000000f3c00000,0x00000000f3c00000,0x00000000f4000000)
 ParOldGen       total 40960K, used 3440K [0x00000000c4000000, 0x00000000c6800000, 0x00000000ec000000)
  object space 40960K, 8% used [0x00000000c4000000,0x00000000c435c3a0,0x00000000c6800000)
 Metaspace       used 11156K, capacity 11338K, committed 11648K, reserved 1058816K
  class space    used 1282K, capacity 1343K, committed 1408K, reserved 1048576K
}
Event: 81,893 GC heap before
{Heap before GC invocations=8 (full 0):
 PSYoungGen      total 65536K, used 62114K [0x00000000ec000000, 0x00000000f4000000, 0x0000000100000000)
  eden space 61440K, 100% used [0x00000000ec000000,0x00000000efc00000,0x00000000efc00000)
  from space 4096K, 16% used [0x00000000efc00000,0x00000000efca8948,0x00000000f0000000)
  to   space 4096K, 0% used [0x00000000f3c00000,0x00000000f3c00000,0x00000000f4000000)
 ParOldGen       total 40960K, used 3440K [0x00000000c4000000, 0x00000000c6800000, 0x00000000ec000000)
  object space 40960K, 8% used [0x00000000c4000000,0x00000000c435c3a0,0x00000000c6800000)
 Metaspace       used 11187K, capacity 11338K, committed 11648K, reserved 1058816K
  class space    used 1282K, capacity 1343K, committed 1408K, reserved 1048576K
Event: 81,895 GC heap after
Heap after GC invocations=8 (full 0):
 PSYoungGen      total 126464K, used 448K [0x00000000ec000000, 0x00000000f4100000, 0x0000000100000000)
  eden space 122368K, 0% used [0x00000000ec000000,0x00000000ec000000,0x00000000f3780000)
  from space 4096K, 10% used [0x00000000f3c00000,0x00000000f3c702f0,0x00000000f4000000)
  to   space 4608K, 0% used [0x00000000f3780000,0x00000000f3780000,0x00000000f3c00000)
 ParOldGen       total 40960K, used 3456K [0x00000000c4000000, 0x00000000c6800000, 0x00000000ec000000)
  object space 40960K, 8% used [0x00000000c4000000,0x00000000c43603a0,0x00000000c6800000)
 Metaspace       used 11187K, capacity 11338K, committed 11648K, reserved 1058816K
  class space    used 1282K, capacity 1343K, committed 1408K, reserved 1048576K
}
Event: 82,168 GC heap before
{Heap before GC invocations=9 (full 0):
 PSYoungGen      total 126464K, used 122816K [0x00000000ec000000, 0x00000000f4100000, 0x0000000100000000)
  eden space 122368K, 100% used [0x00000000ec000000,0x00000000f3780000,0x00000000f3780000)
  from space 4096K, 10% used [0x00000000f3c00000,0x00000000f3c702f0,0x00000000f4000000)
  to   space 4608K, 0% used [0x00000000f3780000,0x00000000f3780000,0x00000000f3c00000)
 ParOldGen       total 40960K, used 3456K [0x00000000c4000000, 0x00000000c6800000, 0x00000000ec000000)
  object space 40960K, 8% used [0x00000000c4000000,0x00000000c43603a0,0x00000000c6800000)
 Metaspace       used 11200K, capacity 11338K, committed 11648K, reserved 1058816K
  class space    used 1282K, capacity 1343K, committed 1408K, reserved 1048576K
Event: 82,170 GC heap after
Heap after GC invocations=9 (full 0):
 PSYoungGen      total 126976K, used 352K [0x00000000ec000000, 0x00000000f8880000, 0x0000000100000000)
  eden space 122368K, 0% used [0x00000000ec000000,0x00000000ec000000,0x00000000f3780000)
  from space 4608K, 7% used [0x00000000f3780000,0x00000000f37d82a8,0x00000000f3c00000)
  to   space 4608K, 0% used [0x00000000f8400000,0x00000000f8400000,0x00000000f8880000)
 ParOldGen       total 40960K, used 3464K [0x00000000c4000000, 0x00000000c6800000, 0x00000000ec000000)
  object space 40960K, 8% used [0x00000000c4000000,0x00000000c43623a0,0x00000000c6800000)
 Metaspace       used 11200K, capacity 11338K, committed 11648K, reserved 1058816K
  class space    used 1282K, capacity 1343K, committed 1408K, reserved 1048576K
}
Event: 82,614 GC heap before
{Heap before GC invocations=10 (full 0):
 PSYoungGen      total 126976K, used 122720K [0x00000000ec000000, 0x00000000f8880000, 0x0000000100000000)
  eden space 122368K, 100% used [0x00000000ec000000,0x00000000f3780000,0x00000000f3780000)
  from space 4608K, 7% used [0x00000000f3780000,0x00000000f37d82a8,0x00000000f3c00000)
  to   space 4608K, 0% used [0x00000000f8400000,0x00000000f8400000,0x00000000f8880000)
 ParOldGen       total 40960K, used 3464K [0x00000000c4000000, 0x00000000c6800000, 0x00000000ec000000)
  object space 40960K, 8% used [0x00000000c4000000,0x00000000c43623a0,0x00000000c6800000)
 Metaspace       used 11208K, capacity 11402K, committed 11648K, reserved 1058816K
  class space    used 1282K, capacity 1343K, committed 1408K, reserved 1048576K
Event: 82,618 GC heap after
Heap after GC invocations=10 (full 0):
 PSYoungGen      total 200704K, used 384K [0x00000000ec000000, 0x00000000f8880000, 0x0000000100000000)
  eden space 196096K, 0% used [0x00000000ec000000,0x00000000ec000000,0x00000000f7f80000)
  from space 4608K, 8% used [0x00000000f8400000,0x00000000f84602a8,0x00000000f8880000)
  to   space 4608K, 0% used [0x00000000f7f80000,0x00000000f7f80000,0x00000000f8400000)
 ParOldGen       total 40960K, used 3480K [0x00000000c4000000, 0x00000000c6800000, 0x00000000ec000000)
  object space 40960K, 8% used [0x00000000c4000000,0x00000000c43663a0,0x00000000c6800000)
 Metaspace       used 11208K, capacity 11402K, committed 11648K, reserved 1058816K
  class space    used 1282K, capacity 1343K, committed 1408K, reserved 1048576K
}
Event: 83,286 GC heap before
{Heap before GC invocations=11 (full 0):
 PSYoungGen      total 200704K, used 196480K [0x00000000ec000000, 0x00000000f8880000, 0x0000000100000000)
  eden space 196096K, 100% used [0x00000000ec000000,0x00000000f7f80000,0x00000000f7f80000)
  from space 4608K, 8% used [0x00000000f8400000,0x00000000f84602a8,0x00000000f8880000)
  to   space 4608K, 0% used [0x00000000f7f80000,0x00000000f7f80000,0x00000000f8400000)
 ParOldGen       total 40960K, used 3480K [0x00000000c4000000, 0x00000000c6800000, 0x00000000ec000000)
  object space 40960K, 8% used [0x00000000c4000000,0x00000000c43663a0,0x00000000c6800000)
 Metaspace       used 11225K, capacity 11402K, committed 11648K, reserved 1058816K
  class space    used 1282K, capacity 1343K, committed 1408K, reserved 1048576K

